<?xml version="1.0" encoding="UTF-8"?>
<testsuite xmlns:xsi="http://www.w3.org/2001/XMLSchema-instance" xsi:noNamespaceSchemaLocation="https://maven.apache.org/surefire/maven-surefire-plugin/xsd/surefire-test-report.xsd" version="3.0.1" name="io.github.t_taku_portfolio.model.StudentBodyDTOTest" time="0.053" tests="3" errors="0" skipped="0" failures="0">
  <properties>
[...]
</properties>
  <testcase name="normalCase" classname="io.github.t_taku_portfolio.model.StudentBodyDTOTest" time="0.025"/>
  <testcase name="edgeCase1" classname="io.github.t_taku_portfolio.model.StudentBodyDTOTest" time="0.001"/>
  <testcase name="failCase" classname="io.github.t_taku_portfolio.model.StudentBodyDTOTest" time="0.004"/>
</testsuite>